[2025-07-09T03:24:57.788Z] info: game starting...
[2025-07-09T03:24:57.798Z] info: Server started on port 3000, listening on 0.0.0.0
[2025-07-09T03:31:22.532Z] info: Shutting down server...
[2025-07-09T03:31:22.533Z] info: Server closed.
[2025-07-09T03:31:24.176Z] info: game starting...
[2025-07-09T03:31:24.185Z] info: Server started on port 3000, listening on 0.0.0.0
[2025-07-09T03:31:34.393Z] info: Attempting to load deck: temp.json
[2025-07-09T03:31:34.394Z] info: Deck identifier "temp.json" is a local file name.
[2025-07-09T03:31:34.394Z] info: Attempting to read local deck file from: C:\Users\Owner\Documents\GitHub\HaH\decks\temp.json
[2025-07-09T03:31:34.395Z] info: Successfully loaded and processed deck: "temp.json"
[2025-07-09T03:31:34.398Z] info: Guest f8o6kk connected.
[2025-07-09T03:31:35.243Z] info: Guest 8147f connected.
[2025-07-09T03:31:38.777Z] info: Guest rqhpo connected.
[2025-07-09T03:34:04.565Z] info: Shutting down server...
[2025-07-09T03:34:06.195Z] info: game starting...
[2025-07-09T03:34:06.204Z] info: Server started on port 3000, listening on 0.0.0.0
[2025-07-09T03:34:19.382Z] info: Guest f8o6kk disconnected.
[2025-07-09T03:34:19.382Z] info: Player Guest f8o6kk will be kicked in 45 seconds for inactivity.
[2025-07-09T03:34:19.934Z] info: Guest rqhpo disconnected.
[2025-07-09T03:34:19.934Z] info: Player Guest rqhpo will be kicked in 45 seconds for inactivity.
[2025-07-09T03:34:20.469Z] info: Server closed.
[2025-07-09T03:34:20.470Z] info: Guest 8147f disconnected.
[2025-07-09T03:34:20.470Z] info: Player Guest 8147f will be kicked in 45 seconds for inactivity.
[2025-07-09T03:34:21.588Z] info: Attempting to load deck: temp.json
[2025-07-09T03:34:21.589Z] info: Deck identifier "temp.json" is a local file name.
[2025-07-09T03:34:21.589Z] info: Attempting to read local deck file from: C:\Users\Owner\Documents\GitHub\HaH\decks\temp.json
[2025-07-09T03:34:21.591Z] info: Successfully loaded and processed deck: "temp.json"
[2025-07-09T03:34:21.592Z] info: Guest vdidu connected.
[2025-07-09T03:34:21.718Z] info: Guest t9x5a connected.
[2025-07-09T03:34:22.045Z] info: Guest 12ulr connected.
[2025-07-09T03:34:25.297Z] info: Game instance "example1" is being hard-reset by Guest vdidu with deck: temp.json
[2025-07-09T03:34:25.298Z] info: Attempting to load deck: temp.json
[2025-07-09T03:34:25.298Z] info: Deck identifier "temp.json" is a local file name.
[2025-07-09T03:34:25.298Z] info: Attempting to read local deck file from: C:\Users\Owner\Documents\GitHub\HaH\decks\temp.json
[2025-07-09T03:34:25.298Z] info: Successfully loaded and processed deck: "temp.json"
[2025-07-09T03:35:04.383Z] info: Guest f8o6kk kicked for inactivity.
[2025-07-09T03:35:04.941Z] info: Guest rqhpo kicked for inactivity.
[2025-07-09T03:35:05.484Z] info: Guest 8147f kicked for inactivity.
[2025-07-09T03:35:22.311Z] info: Shutting down server...
[2025-07-09T03:35:25.139Z] info: game starting...
[2025-07-09T03:35:25.148Z] info: Server started on port 3000, listening on 0.0.0.0
[2025-07-09T03:35:29.194Z] info: Guest vdidu disconnected.
[2025-07-09T03:35:29.195Z] info: Player Guest vdidu will be kicked in 45 seconds for inactivity.
[2025-07-09T03:35:30.012Z] info: Guest t9x5a disconnected.
[2025-07-09T03:35:30.012Z] info: Player Guest t9x5a will be kicked in 45 seconds for inactivity.
[2025-07-09T03:35:30.722Z] info: Attempting to load deck: temp.json
[2025-07-09T03:35:30.722Z] info: Deck identifier "temp.json" is a local file name.
[2025-07-09T03:35:30.722Z] info: Attempting to read local deck file from: C:\Users\Owner\Documents\GitHub\HaH\decks\temp.json
[2025-07-09T03:35:30.723Z] info: Successfully loaded and processed deck: "temp.json"
[2025-07-09T03:35:30.724Z] info: Guest 92ixu connected.
[2025-07-09T03:35:30.917Z] info: Server closed.
[2025-07-09T03:35:30.917Z] info: Guest 12ulr disconnected.
[2025-07-09T03:35:30.917Z] info: Player Guest 12ulr will be kicked in 45 seconds for inactivity.
[2025-07-09T03:35:31.531Z] info: Guest c6bm4 connected.
[2025-07-09T03:35:32.420Z] info: Guest sgqap connected.
[2025-07-09T03:35:36.255Z] info: Game instance "example1" is being hard-reset by Guest 92ixu with deck: temp.json
[2025-07-09T03:35:36.255Z] info: Attempting to load deck: temp.json
[2025-07-09T03:35:36.255Z] info: Deck identifier "temp.json" is a local file name.
[2025-07-09T03:35:36.255Z] info: Attempting to read local deck file from: C:\Users\Owner\Documents\GitHub\HaH\decks\temp.json
[2025-07-09T03:35:36.256Z] info: Successfully loaded and processed deck: "temp.json"
[2025-07-09T03:36:14.210Z] info: Guest vdidu kicked for inactivity.
[2025-07-09T03:36:15.025Z] info: Guest t9x5a kicked for inactivity.
[2025-07-09T03:36:15.928Z] info: Guest 12ulr kicked for inactivity.
[2025-07-09T03:36:21.559Z] info: Shutting down server...
[2025-07-09T03:36:22.469Z] info: game starting...
[2025-07-09T03:36:22.480Z] info: Server started on port 3000, listening on 0.0.0.0
[2025-07-09T03:36:28.641Z] info: Guest sgqap disconnected.
[2025-07-09T03:36:28.642Z] info: Player Guest sgqap will be kicked in 45 seconds for inactivity.
[2025-07-09T03:36:29.944Z] info: Guest c6bm4 disconnected.
[2025-07-09T03:36:29.944Z] info: Player Guest c6bm4 will be kicked in 45 seconds for inactivity.
[2025-07-09T03:36:30.265Z] info: Attempting to load deck: temp.json
[2025-07-09T03:36:30.265Z] info: Deck identifier "temp.json" is a local file name.
[2025-07-09T03:36:30.265Z] info: Attempting to read local deck file from: C:\Users\Owner\Documents\GitHub\HaH\decks\temp.json
[2025-07-09T03:36:30.267Z] info: Successfully loaded and processed deck: "temp.json"
[2025-07-09T03:36:30.268Z] info: Guest r1ccfj connected.
[2025-07-09T03:36:31.186Z] info: Server closed.
[2025-07-09T03:36:31.186Z] info: Guest 92ixu disconnected.
[2025-07-09T03:36:31.186Z] info: Player Guest 92ixu will be kicked in 45 seconds for inactivity.
[2025-07-09T03:36:31.395Z] info: Guest 9anqa connected.
[2025-07-09T03:36:32.787Z] info: Guest a1oz8f connected.
[2025-07-09T03:37:13.648Z] info: Guest sgqap kicked for inactivity.
[2025-07-09T03:37:14.957Z] info: Guest c6bm4 kicked for inactivity.
[2025-07-09T03:37:16.190Z] info: Guest 92ixu kicked for inactivity.
[2025-07-09T04:50:59.050Z] info: Shutting down server...
[2025-07-09T04:51:00.064Z] info: game starting...
[2025-07-09T04:51:00.075Z] info: Server started on port 3000, listening on 0.0.0.0
[2025-07-09T04:51:04.009Z] info: Guest a1oz8f disconnected.
[2025-07-09T04:51:04.009Z] info: Player Guest a1oz8f will be kicked in 45 seconds for inactivity.
[2025-07-09T04:51:04.700Z] info: Guest 9anqa disconnected.
[2025-07-09T04:51:04.700Z] info: Player Guest 9anqa will be kicked in 45 seconds for inactivity.
[2025-07-09T04:51:05.051Z] info: Server closed.
[2025-07-09T04:51:05.051Z] info: Guest r1ccfj disconnected.
[2025-07-09T04:51:05.051Z] info: Player Guest r1ccfj will be kicked in 45 seconds for inactivity.
[2025-07-09T04:51:49.023Z] info: Guest a1oz8f kicked for inactivity.
[2025-07-09T04:51:49.713Z] info: Guest 9anqa kicked for inactivity.
[2025-07-09T04:51:50.056Z] info: Guest r1ccfj kicked for inactivity.
[2025-07-09T04:56:30.918Z] info: Unknown disconnected.
[2025-07-09T04:56:33.378Z] info: Attempting to load deck: temp
[2025-07-09T04:56:33.379Z] info: Deck identifier "temp" is a local file name.
[2025-07-09T04:56:33.379Z] info: Attempting to read local deck file from: C:\Users\Owner\Documents\GitHub\HaH\decks\temp.json
[2025-07-09T04:56:33.380Z] info: Successfully loaded and processed deck: "temp"
[2025-07-09T04:56:33.380Z] info: Guest jaka4 connected.
[2025-07-09T04:56:38.770Z] info: Unknown disconnected.
[2025-07-09T04:56:40.369Z] info: Guest 0b533 connected.
[2025-07-09T04:56:43.706Z] info: Unknown disconnected.
[2025-07-09T04:56:45.285Z] info: Guest 9w4rp connected.
[2025-07-09T04:59:19.392Z] info: Guest 9w4rp has requested a new hand for the next round.
[2025-07-09T04:59:39.187Z] info: Guest jaka4 disconnected.
[2025-07-09T04:59:39.187Z] info: Player Guest jaka4 will be kicked in 45 seconds for inactivity.
[2025-07-09T04:59:40.833Z] info: Guest 3gsayi connected.
[2025-07-09T05:00:24.196Z] info: Guest jaka4 kicked for inactivity.
[2025-07-09T05:01:37.235Z] info: Shutting down server...
[2025-07-09T05:02:24.773Z] info: game starting...
[2025-07-09T05:02:24.785Z] info: Server started on port 3000, listening on 0.0.0.0
[2025-07-09T05:02:26.449Z] info: Guest 0b533 disconnected.
[2025-07-09T05:02:26.450Z] info: Player Guest 0b533 will be kicked in 45 seconds for inactivity.
[2025-07-09T05:02:27.146Z] info: Guest 3gsayi disconnected.
[2025-07-09T05:02:27.146Z] info: Player Guest 3gsayi will be kicked in 45 seconds for inactivity.
[2025-07-09T05:02:27.890Z] info: Server closed.
[2025-07-09T05:02:27.890Z] info: Guest 9w4rp disconnected.
[2025-07-09T05:02:27.891Z] info: Player Guest 9w4rp will be kicked in 45 seconds for inactivity.
[2025-07-09T05:02:28.110Z] info: Attempting to load deck: main
[2025-07-09T05:02:28.110Z] info: Deck identifier "main" is a local file name.
[2025-07-09T05:02:28.110Z] info: Attempting to read local deck file from: C:\Users\Owner\Documents\GitHub\HaH\decks\main.json
[2025-07-09T05:02:28.112Z] info: Successfully loaded and processed deck: "main"
[2025-07-09T05:02:28.114Z] info: Guest 93stg connected.
[2025-07-09T05:02:28.754Z] info: Guest kkma4f connected.
[2025-07-09T05:02:29.439Z] info: Guest xn9qm connected.
[2025-07-09T05:03:11.460Z] info: Guest 0b533 kicked for inactivity.
[2025-07-09T05:03:12.147Z] info: Guest 3gsayi kicked for inactivity.
[2025-07-09T05:03:12.896Z] info: Guest 9w4rp kicked for inactivity.
[2025-07-09T05:42:24.294Z] info: Shutting down server...
[2025-07-09T05:42:33.113Z] info: game starting...
[2025-07-09T05:42:33.126Z] info: Server started on port 3000, listening on 0.0.0.0
[2025-07-09T05:42:34.021Z] info: Guest 93stg disconnected.
[2025-07-09T05:42:34.406Z] info: Guest xn9qm disconnected.
[2025-07-09T05:42:35.439Z] info: Server closed.
[2025-07-09T05:42:35.440Z] info: Guest kkma4f disconnected.
[2025-07-09T05:42:36.501Z] info: Attempting to load deck: main
[2025-07-09T05:42:36.502Z] info: Deck identifier "main" is a local file name.
[2025-07-09T05:42:36.503Z] info: Attempting to read local deck file from: C:\Users\Owner\Documents\GitHub\HaH\decks\main.json
[2025-07-09T05:42:36.523Z] info: Successfully loaded and processed deck: "main"
[2025-07-09T05:42:36.525Z] info: Guest 967mc connected.
[2025-07-09T05:42:37.186Z] info: Guest 81nk9j connected.
[2025-07-09T05:42:37.357Z] info: Guest sklrmk connected.
[2025-07-09T05:46:18.299Z] info: Shutting down server...
[2025-07-09T05:46:19.836Z] info: game starting...
[2025-07-09T05:46:19.847Z] info: Server started on port 3000, listening on 0.0.0.0
[2025-07-09T05:46:23.211Z] info: Guest sklrmk disconnected.
[2025-07-09T05:46:23.211Z] info: Player Guest sklrmk will be kicked in 45 seconds for inactivity.
[2025-07-09T05:46:24.455Z] info: Guest 967mc disconnected.
[2025-07-09T05:46:24.455Z] info: Player Guest 967mc will be kicked in 45 seconds for inactivity.
[2025-07-09T05:46:24.948Z] info: Attempting to load deck: main
[2025-07-09T05:46:24.949Z] info: Deck identifier "main" is a local file name.
[2025-07-09T05:46:24.949Z] info: Attempting to read local deck file from: C:\Users\Owner\Documents\GitHub\HaH\decks\main.json
[2025-07-09T05:46:24.951Z] info: Successfully loaded and processed deck: "main"
[2025-07-09T05:46:24.952Z] info: Guest bwomf connected.
[2025-07-09T05:46:26.007Z] info: Guest 9awp6h connected.
[2025-07-09T05:46:26.379Z] info: Server closed.
[2025-07-09T05:46:26.379Z] info: Guest 81nk9j disconnected.
[2025-07-09T05:46:26.380Z] info: Player Guest 81nk9j will be kicked in 45 seconds for inactivity.
[2025-07-09T05:46:27.914Z] info: Guest 5s69a connected.
[2025-07-09T05:46:29.573Z] info: Game instance "example1" is being hard-reset by Guest bwomf with deck: main
[2025-07-09T05:46:29.573Z] info: Attempting to load deck: main
[2025-07-09T05:46:29.573Z] info: Deck identifier "main" is a local file name.
[2025-07-09T05:46:29.573Z] info: Attempting to read local deck file from: C:\Users\Owner\Documents\GitHub\HaH\decks\main.json
[2025-07-09T05:46:29.574Z] info: Successfully loaded and processed deck: "main"
[2025-07-09T05:47:08.218Z] info: Guest sklrmk kicked for inactivity.
[2025-07-09T05:47:09.469Z] info: Guest 967mc kicked for inactivity.
[2025-07-09T05:47:11.394Z] info: Guest 81nk9j kicked for inactivity.
[2025-07-09T05:57:14.531Z] info: Shutting down server...
[2025-07-09T05:57:16.088Z] info: game starting...
[2025-07-09T05:57:16.099Z] info: Server started on port 3000, listening on 0.0.0.0
[2025-07-09T05:57:19.959Z] info: Guest bwomf disconnected.
[2025-07-09T05:57:19.959Z] info: Player Guest bwomf will be kicked in 45 seconds for inactivity.
[2025-07-09T05:57:20.543Z] info: Guest 9awp6h disconnected.
[2025-07-09T05:57:20.543Z] info: Player Guest 9awp6h will be kicked in 45 seconds for inactivity.
[2025-07-09T05:57:21.428Z] info: Server closed.
[2025-07-09T05:57:21.428Z] info: Guest 5s69a disconnected.
[2025-07-09T05:57:22.398Z] info: Attempting to load deck: main
[2025-07-09T05:57:22.398Z] info: Deck identifier "main" is a local file name.
[2025-07-09T05:57:22.398Z] info: Attempting to read local deck file from: C:\Users\Owner\Documents\GitHub\HaH\decks\main.json
[2025-07-09T05:57:22.401Z] info: Successfully loaded and processed deck: "main"
[2025-07-09T05:57:22.403Z] info: Guest 83snz connected.
[2025-07-09T05:57:23.396Z] info: Guest hrwqi connected.
[2025-07-09T05:57:23.409Z] info: Guest 6iure connected.
[2025-07-09T05:58:04.967Z] info: Guest bwomf kicked for inactivity.
[2025-07-09T05:58:05.544Z] info: Guest 9awp6h kicked for inactivity.
[2025-07-09T06:02:21.176Z] info: Shutting down server...
[2025-07-09T06:02:22.321Z] info: game starting...
[2025-07-09T06:02:22.333Z] info: Server started on port 3000, listening on 0.0.0.0
[2025-07-09T06:02:26.075Z] info: Guest 83snz disconnected.
[2025-07-09T06:02:26.075Z] info: Player Guest 83snz will be kicked in 45 seconds for inactivity.
[2025-07-09T06:02:26.672Z] info: Guest 6iure disconnected.
[2025-07-09T06:02:27.326Z] info: Server closed.
[2025-07-09T06:02:27.327Z] info: Guest hrwqi disconnected.
[2025-07-09T06:02:27.327Z] info: Player Guest hrwqi will be kicked in 45 seconds for inactivity.
[2025-07-09T06:02:27.697Z] info: Attempting to load deck: main
[2025-07-09T06:02:27.697Z] info: Deck identifier "main" is a local file name.
[2025-07-09T06:02:27.697Z] info: Attempting to read local deck file from: C:\Users\Owner\Documents\GitHub\HaH\decks\main.json
[2025-07-09T06:02:27.701Z] info: Successfully loaded and processed deck: "main"
[2025-07-09T06:02:27.702Z] info: Guest xrsc7 connected.
[2025-07-09T06:02:28.243Z] info: Guest 1w3jt connected.
[2025-07-09T06:02:28.837Z] info: Guest sfakb connected.
[2025-07-09T06:02:30.634Z] info: Game instance "example1" is being hard-reset by Guest xrsc7 with deck: main
[2025-07-09T06:02:30.634Z] info: Attempting to load deck: main
[2025-07-09T06:02:30.634Z] info: Deck identifier "main" is a local file name.
[2025-07-09T06:02:30.634Z] info: Attempting to read local deck file from: C:\Users\Owner\Documents\GitHub\HaH\decks\main.json
[2025-07-09T06:02:30.635Z] info: Successfully loaded and processed deck: "main"
[2025-07-09T06:02:30.925Z] info: Game instance "example1" is being hard-reset by Guest xrsc7 with deck: main
[2025-07-09T06:02:30.926Z] info: Attempting to load deck: main
[2025-07-09T06:02:30.926Z] info: Deck identifier "main" is a local file name.
[2025-07-09T06:02:30.926Z] info: Attempting to read local deck file from: C:\Users\Owner\Documents\GitHub\HaH\decks\main.json
[2025-07-09T06:02:30.926Z] info: Successfully loaded and processed deck: "main"
[2025-07-09T06:03:11.089Z] info: Guest 83snz kicked for inactivity.
[2025-07-09T06:03:12.334Z] info: Guest hrwqi kicked for inactivity.
[2025-07-09T06:04:11.189Z] info: Guest 1w3jt has requested a new hand for the next round.
[2025-07-09T06:10:25.376Z] info: Shutting down server...
[2025-07-09T06:10:26.893Z] info: game starting...
[2025-07-09T06:10:26.904Z] info: Server started on port 3000, listening on 0.0.0.0
[2025-07-09T06:10:29.190Z] info: Guest xrsc7 disconnected.
[2025-07-09T06:10:29.190Z] info: Player Guest xrsc7 will be kicked in 45 seconds for inactivity.
[2025-07-09T06:10:29.950Z] info: Guest sfakb disconnected.
[2025-07-09T06:10:29.950Z] info: Player Guest sfakb will be kicked in 45 seconds for inactivity.
[2025-07-09T06:10:30.640Z] info: Server closed.
[2025-07-09T06:10:30.640Z] info: Guest 1w3jt disconnected.
[2025-07-09T06:10:30.640Z] info: Player Guest 1w3jt will be kicked in 45 seconds for inactivity.
[2025-07-09T06:10:31.803Z] info: Attempting to load deck: main
[2025-07-09T06:10:31.803Z] info: Deck identifier "main" is a local file name.
[2025-07-09T06:10:31.804Z] info: Attempting to read local deck file from: C:\Users\Owner\Documents\GitHub\HaH\decks\main.json
[2025-07-09T06:10:31.806Z] info: Successfully loaded and processed deck: "main"
[2025-07-09T06:10:31.808Z] info: Guest dqk7hg connected.
[2025-07-09T06:10:32.265Z] info: Guest 7icvx connected.
[2025-07-09T06:10:32.438Z] info: Guest czh2o connected.
[2025-07-09T06:11:14.196Z] info: Guest xrsc7 kicked for inactivity.
[2025-07-09T06:11:14.869Z] info: Guest 7icvx has requested a new hand for the next round.
[2025-07-09T06:11:14.961Z] info: Guest sfakb kicked for inactivity.
[2025-07-09T06:11:15.649Z] info: Guest 1w3jt kicked for inactivity.
[2025-07-09T07:19:56.971Z] info: Shutting down server...
[2025-07-09T07:19:59.060Z] info: game starting...
[2025-07-09T07:19:59.071Z] info: Server started on port 3000, listening on 0.0.0.0
[2025-07-09T07:20:22.375Z] info: Guest dqk7hg disconnected.
[2025-07-09T07:20:22.375Z] info: Player Guest dqk7hg will be kicked in 45 seconds for inactivity.
[2025-07-09T07:20:24.802Z] info: Attempting to load deck: main
[2025-07-09T07:20:24.802Z] info: Deck identifier "main" is a local file name.
[2025-07-09T07:20:24.802Z] info: Attempting to read local deck file from: C:\Users\Owner\Documents\GitHub\HaH\decks\main.json
[2025-07-09T07:20:24.804Z] info: Successfully loaded and processed deck: "main"
[2025-07-09T07:20:24.805Z] info: Guest b50vx connected.
[2025-07-09T07:20:26.270Z] info: Guest czh2o disconnected.
[2025-07-09T07:20:26.270Z] info: Player Guest czh2o will be kicked in 45 seconds for inactivity.
[2025-07-09T07:20:27.901Z] info: Guest e4eei connected.
[2025-07-09T07:20:28.845Z] info: Server closed.
[2025-07-09T07:20:28.845Z] info: Guest 7icvx disconnected.
[2025-07-09T07:20:28.845Z] info: Player Guest 7icvx will be kicked in 45 seconds for inactivity.
[2025-07-09T07:20:30.414Z] info: Guest nv1j4 connected.
[2025-07-09T07:21:07.389Z] info: Guest dqk7hg kicked for inactivity.
[2025-07-09T07:21:11.277Z] info: Guest czh2o kicked for inactivity.
[2025-07-09T07:21:13.856Z] info: Guest 7icvx kicked for inactivity.
[2025-07-09T07:25:16.319Z] info: Shutting down server...
[2025-07-09T07:25:17.931Z] info: game starting...
[2025-07-09T07:25:17.942Z] info: Server started on port 3000, listening on 0.0.0.0
[2025-07-09T07:25:23.970Z] info: Guest e4eei disconnected.
[2025-07-09T07:25:23.970Z] info: Player Guest e4eei will be kicked in 45 seconds for inactivity.
[2025-07-09T07:25:24.275Z] info: Guest nv1j4 disconnected.
[2025-07-09T07:25:24.275Z] info: Player Guest nv1j4 will be kicked in 45 seconds for inactivity.
[2025-07-09T07:25:25.526Z] info: Server closed.
[2025-07-09T07:25:25.527Z] info: Guest b50vx disconnected.
[2025-07-09T07:25:25.527Z] info: Player Guest b50vx will be kicked in 45 seconds for inactivity.
[2025-07-09T07:25:25.547Z] info: Attempting to load deck: main
[2025-07-09T07:25:25.547Z] info: Deck identifier "main" is a local file name.
[2025-07-09T07:25:25.548Z] info: Attempting to read local deck file from: C:\Users\Owner\Documents\GitHub\HaH\decks\main.json
[2025-07-09T07:25:25.551Z] info: Successfully loaded and processed deck: "main"
[2025-07-09T07:25:25.552Z] info: Guest 0lfnp connected.
[2025-07-09T07:25:25.987Z] info: Guest y0pqj connected.
[2025-07-09T07:25:27.066Z] info: Guest xzm55 connected.
[2025-07-09T07:25:34.165Z] info: Game instance "example1" is being hard-reset by Guest xzm55 with deck: main
[2025-07-09T07:25:34.165Z] info: Attempting to load deck: main
[2025-07-09T07:25:34.166Z] info: Deck identifier "main" is a local file name.
[2025-07-09T07:25:34.166Z] info: Attempting to read local deck file from: C:\Users\Owner\Documents\GitHub\HaH\decks\main.json
[2025-07-09T07:25:34.166Z] info: Successfully loaded and processed deck: "main"
[2025-07-09T07:26:08.983Z] info: Guest e4eei kicked for inactivity.
[2025-07-09T07:26:09.280Z] info: Guest nv1j4 kicked for inactivity.
[2025-07-09T07:26:10.529Z] info: Guest b50vx kicked for inactivity.
[2025-07-09T07:32:00.533Z] info: Shutting down server...
[2025-07-09T07:32:02.757Z] info: Shutting down server...
[2025-07-09T07:32:05.264Z] info: game starting...
[2025-07-09T07:32:05.276Z] info: Server started on port 3000, listening on 0.0.0.0
[2025-07-09T07:32:12.057Z] info: Guest xzm55 disconnected.
[2025-07-09T07:32:12.057Z] info: Player Guest xzm55 will be kicked in 45 seconds for inactivity.
[2025-07-09T07:32:12.561Z] info: Guest 0lfnp disconnected.
[2025-07-09T07:32:12.561Z] info: Player Guest 0lfnp will be kicked in 45 seconds for inactivity.
[2025-07-09T07:32:13.032Z] info: Server closed.
[2025-07-09T07:32:13.033Z] info: Server closed.
[2025-07-09T07:32:13.033Z] info: Guest y0pqj disconnected.
[2025-07-09T07:32:13.033Z] info: Player Guest y0pqj will be kicked in 45 seconds for inactivity.
[2025-07-09T07:32:14.581Z] info: Attempting to load deck: main
[2025-07-09T07:32:14.582Z] info: Deck identifier "main" is a local file name.
[2025-07-09T07:32:14.582Z] info: Attempting to read local deck file from: C:\Users\Owner\Documents\GitHub\HaH\decks\main.json
[2025-07-09T07:32:14.584Z] info: Successfully loaded and processed deck: "main"
[2025-07-09T07:32:14.585Z] info: Guest x0dy4 connected.
[2025-07-09T07:32:14.622Z] info: Guest td63n connected.
[2025-07-09T07:32:14.654Z] info: Guest oak6c connected.
[2025-07-09T07:32:17.395Z] info: Game instance "example1" is being hard-reset by Guest x0dy4 with deck: main
[2025-07-09T07:32:17.395Z] info: Attempting to load deck: main
[2025-07-09T07:32:17.395Z] info: Deck identifier "main" is a local file name.
[2025-07-09T07:32:17.395Z] info: Attempting to read local deck file from: C:\Users\Owner\Documents\GitHub\HaH\decks\main.json
[2025-07-09T07:32:17.396Z] info: Successfully loaded and processed deck: "main"
[2025-07-09T07:32:57.069Z] info: Guest xzm55 kicked for inactivity.
[2025-07-09T07:32:57.568Z] info: Guest 0lfnp kicked for inactivity.
[2025-07-09T07:32:58.037Z] info: Guest y0pqj kicked for inactivity.
[2025-07-09T07:33:02.569Z] info: Guest td63n has requested a new hand for the next round.
[2025-07-09T07:49:56.549Z] info: Shutting down server...
[2025-07-09T07:49:57.927Z] info: game starting...
[2025-07-09T07:49:57.938Z] info: Server started on port 3000, listening on 0.0.0.0
[2025-07-09T07:50:31.868Z] info: Guest x0dy4 disconnected.
[2025-07-09T07:50:31.869Z] info: Player Guest x0dy4 will be kicked in 45 seconds for inactivity.
[2025-07-09T07:50:32.422Z] info: Guest oak6c disconnected.
[2025-07-09T07:50:32.423Z] info: Player Guest oak6c will be kicked in 45 seconds for inactivity.
[2025-07-09T07:50:32.917Z] info: Server closed.
[2025-07-09T07:50:32.917Z] info: Guest td63n disconnected.
[2025-07-09T07:50:32.917Z] info: Player Guest td63n will be kicked in 45 seconds for inactivity.
[2025-07-09T07:50:34.319Z] info: Attempting to load deck: main
[2025-07-09T07:50:34.319Z] info: Deck identifier "main" is a local file name.
[2025-07-09T07:50:34.319Z] info: Attempting to read local deck file from: C:\Users\Owner\Documents\GitHub\HaH\decks\main.json
[2025-07-09T07:50:34.321Z] info: Successfully loaded and processed deck: "main"
[2025-07-09T07:50:34.322Z] info: Guest ihexf connected.
[2025-07-09T07:50:34.551Z] info: Guest i9jn8 connected.
[2025-07-09T07:50:34.629Z] info: Guest bypq8h connected.
[2025-07-09T07:51:16.871Z] info: Guest x0dy4 kicked for inactivity.
[2025-07-09T07:51:17.432Z] info: Guest oak6c kicked for inactivity.
[2025-07-09T07:51:17.930Z] info: Guest td63n kicked for inactivity.
[2025-07-09T07:57:07.260Z] info: Shutting down server...
[2025-07-09T07:57:08.709Z] info: game starting...
[2025-07-09T07:57:08.722Z] info: Server started on port 3000, listening on 0.0.0.0
[2025-07-09T07:57:14.364Z] info: Guest ihexf disconnected.
[2025-07-09T07:57:14.364Z] info: Player Guest ihexf will be kicked in 45 seconds for inactivity.
[2025-07-09T07:57:15.046Z] info: Guest bypq8h disconnected.
[2025-07-09T07:57:15.046Z] info: Player Guest bypq8h will be kicked in 45 seconds for inactivity.
[2025-07-09T07:57:15.247Z] info: Server closed.
[2025-07-09T07:57:15.248Z] info: Guest i9jn8 disconnected.
[2025-07-09T07:57:15.248Z] info: Player Guest i9jn8 will be kicked in 45 seconds for inactivity.
[2025-07-09T07:57:16.147Z] info: Attempting to load deck: main
[2025-07-09T07:57:16.147Z] info: Deck identifier "main" is a local file name.
[2025-07-09T07:57:16.147Z] info: Attempting to read local deck file from: C:\Users\Owner\Documents\GitHub\HaH\decks\main.json
[2025-07-09T07:57:16.151Z] info: Successfully loaded and processed deck: "main"
[2025-07-09T07:57:16.153Z] info: Guest rv3n9 connected.
[2025-07-09T07:57:17.185Z] info: Guest kvqo9l connected.
[2025-07-09T07:57:17.201Z] info: Guest 10qoy connected.
[2025-07-09T07:57:59.377Z] info: Guest ihexf kicked for inactivity.
[2025-07-09T07:58:00.046Z] info: Guest bypq8h kicked for inactivity.
[2025-07-09T07:58:00.249Z] info: Guest i9jn8 kicked for inactivity.
[2025-07-09T07:58:24.237Z] info: Shutting down server...
[2025-07-09T07:58:26.148Z] info: game starting...
[2025-07-09T07:58:26.160Z] info: Server started on port 3000, listening on 0.0.0.0
[2025-07-09T07:58:30.679Z] info: Guest rv3n9 disconnected.
[2025-07-09T07:58:30.679Z] info: Player Guest rv3n9 will be kicked in 45 seconds for inactivity.
[2025-07-09T07:58:31.673Z] info: Guest kvqo9l disconnected.
[2025-07-09T07:58:31.673Z] info: Player Guest kvqo9l will be kicked in 45 seconds for inactivity.
[2025-07-09T07:58:32.214Z] info: Attempting to load deck: main
[2025-07-09T07:58:32.215Z] info: Deck identifier "main" is a local file name.
[2025-07-09T07:58:32.215Z] info: Attempting to read local deck file from: C:\Users\Owner\Documents\GitHub\HaH\decks\main.json
[2025-07-09T07:58:32.216Z] info: Successfully loaded and processed deck: "main"
[2025-07-09T07:58:32.217Z] info: Guest 4vdigf connected.
[2025-07-09T07:58:32.362Z] info: Server closed.
[2025-07-09T07:58:32.362Z] info: Guest 10qoy disconnected.
[2025-07-09T07:58:32.363Z] info: Player Guest 10qoy will be kicked in 45 seconds for inactivity.
[2025-07-09T07:58:33.226Z] info: Guest sqm6h connected.
[2025-07-09T07:58:33.866Z] info: Guest clwp connected.
[2025-07-09T07:59:15.688Z] info: Guest rv3n9 kicked for inactivity.
[2025-07-09T07:59:16.688Z] info: Guest kvqo9l kicked for inactivity.
[2025-07-09T07:59:17.373Z] info: Guest 10qoy kicked for inactivity.
